c:\users\francisco\source\repos\permutaciones\permutaciones\debug\permutaciones.pch
c:\users\francisco\source\repos\permutaciones\permutaciones\debug\vc142.pdb
c:\users\francisco\source\repos\permutaciones\permutaciones\debug\pch.obj
c:\users\francisco\source\repos\permutaciones\permutaciones\debug\form1.obj
c:\users\francisco\source\repos\permutaciones\permutaciones\debug\cppclr_winformsprojekt.obj
c:\users\francisco\source\repos\permutaciones\permutaciones\debug\assemblyinfo.obj
c:\users\francisco\source\repos\permutaciones\permutaciones\debug\.netframework,version=v4.0.assemblyattributes.obj
c:\users\francisco\source\repos\permutaciones\debug\permutaciones.exe
c:\users\francisco\source\repos\permutaciones\debug\permutaciones.pdb
c:\users\francisco\source\repos\permutaciones\permutaciones\debug\permutaciones.form1.resources
c:\users\francisco\source\repos\permutaciones\permutaciones\debug\app.res
c:\users\francisco\source\repos\permutaciones\permutaciones\debug\permutaciones.tlog\cl.command.1.tlog
c:\users\francisco\source\repos\permutaciones\permutaciones\debug\permutaciones.tlog\cl.read.1.tlog
c:\users\francisco\source\repos\permutaciones\permutaciones\debug\permutaciones.tlog\cl.write.1.tlog
c:\users\francisco\source\repos\permutaciones\permutaciones\debug\permutaciones.tlog\link.command.1.tlog
c:\users\francisco\source\repos\permutaciones\permutaciones\debug\permutaciones.tlog\link.read.1.tlog
c:\users\francisco\source\repos\permutaciones\permutaciones\debug\permutaciones.tlog\link.write.1.tlog
c:\users\francisco\source\repos\permutaciones\permutaciones\debug\permutaciones.tlog\metagen.read.1.tlog
c:\users\francisco\source\repos\permutaciones\permutaciones\debug\permutaciones.tlog\metagen.write.1.tlog
c:\users\francisco\source\repos\permutaciones\permutaciones\debug\permutaciones.tlog\permutaciones.write.1u.tlog
c:\users\francisco\source\repos\permutaciones\permutaciones\debug\permutaciones.tlog\rc.command.1.tlog
c:\users\francisco\source\repos\permutaciones\permutaciones\debug\permutaciones.tlog\rc.read.1.tlog
c:\users\francisco\source\repos\permutaciones\permutaciones\debug\permutaciones.tlog\rc.write.1.tlog
